<?xml version="1.0" encoding="UTF-8"?>
<testsuite xmlns:xsi="http://www.w3.org/2001/XMLSchema-instance" xsi:noNamespaceSchemaLocation="https://maven.apache.org/surefire/maven-surefire-plugin/xsd/surefire-test-report.xsd" name="RijksmuseumAPI.stepdefs.TestRunner" time="8.368" tests="1" errors="0" skipped="0" failures="0">
  <properties>
[...]
</properties>
  <testcase name="TestCase-1 Verify HTTP 200 Response for Collection API for Rijksmuseum with valid API Key" classname="Rijksmuseum Collection APIs Test" time="7.009"/>
</testsuite>